2025-06-18 16:01:42.292  INFO 20152 --- [main] com.quiz.QuizApplication                 : Starting QuizApplication using Java 17.0.12 on LAPTOPanch with PID 20152 (C:\Users\annua\OneDrive\quiz-system\target\classes started by annua in C:\Users\annua\OneDrive\quiz-system)
2025-06-18 16:01:42.294 DEBUG 20152 --- [main] com.quiz.QuizApplication                 : Running with Spring Boot v2.7.0, Spring v5.3.20
2025-06-18 16:01:42.295  INFO 20152 --- [main] com.quiz.QuizApplication                 : No active profile set, falling back to 1 default profile: "default"
2025-06-18 16:01:43.019  INFO 20152 --- [main] .s.d.r.c.RepositoryConfigurationDelegate : Bootstrapping Spring Data JPA repositories in DEFAULT mode.
2025-06-18 16:01:43.083  INFO 20152 --- [main] .s.d.r.c.RepositoryConfigurationDelegate : Finished Spring Data repository scanning in 53 ms. Found 2 JPA repository interfaces.
2025-06-18 16:01:43.667  INFO 20152 --- [main] o.s.b.w.embedded.tomcat.TomcatWebServer  : Tomcat initialized with port(s): 8081 (http)
2025-06-18 16:01:43.679  INFO 20152 --- [main] o.apache.catalina.core.StandardService   : Starting service [Tomcat]
2025-06-18 16:01:43.680  INFO 20152 --- [main] org.apache.catalina.core.StandardEngine  : Starting Servlet engine: [Apache Tomcat/9.0.63]
2025-06-18 16:01:43.798  INFO 20152 --- [main] o.a.c.c.C.[Tomcat].[localhost].[/]       : Initializing Spring embedded WebApplicationContext
2025-06-18 16:01:43.798  INFO 20152 --- [main] w.s.c.ServletWebServerApplicationContext : Root WebApplicationContext: initialization completed in 1446 ms
2025-06-18 16:01:43.825  INFO 20152 --- [main] com.zaxxer.hikari.HikariDataSource       : HikariPool-1 - Starting...
2025-06-18 16:01:44.067  INFO 20152 --- [main] com.zaxxer.hikari.HikariDataSource       : HikariPool-1 - Start completed.
2025-06-18 16:01:44.084  INFO 20152 --- [main] o.s.b.a.h2.H2ConsoleAutoConfiguration    : H2 console available at '/h2-console'. Database available at 'jdbc:h2:mem:quizdb'
2025-06-18 16:01:44.277  INFO 20152 --- [main] o.hibernate.jpa.internal.util.LogHelper  : HHH000204: Processing PersistenceUnitInfo [name: default]
2025-06-18 16:01:44.359  INFO 20152 --- [main] org.hibernate.Version                    : HHH000412: Hibernate ORM core version 5.6.9.Final
2025-06-18 16:01:44.632  INFO 20152 --- [main] o.hibernate.annotations.common.Version   : HCANN000001: Hibernate Commons Annotations {5.1.2.Final}
2025-06-18 16:01:44.889  INFO 20152 --- [main] org.hibernate.dialect.Dialect            : HHH000400: Using dialect: org.hibernate.dialect.H2Dialect
2025-06-18 16:01:46.328  INFO 20152 --- [main] o.h.e.t.j.p.i.JtaPlatformInitiator       : HHH000490: Using JtaPlatform implementation: [org.hibernate.engine.transaction.jta.platform.internal.NoJtaPlatform]
2025-06-18 16:01:46.353  INFO 20152 --- [main] j.LocalContainerEntityManagerFactoryBean : Initialized JPA EntityManagerFactory for persistence unit 'default'
2025-06-18 16:01:47.546  WARN 20152 --- [main] JpaBaseConfiguration$JpaWebConfiguration : spring.jpa.open-in-view is enabled by default. Therefore, database queries may be performed during view rendering. Explicitly configure spring.jpa.open-in-view to disable this warning
2025-06-18 16:01:48.440  INFO 20152 --- [main] o.s.b.w.embedded.tomcat.TomcatWebServer  : Tomcat started on port(s): 8081 (http) with context path ''
2025-06-18 16:01:48.465  INFO 20152 --- [main] com.quiz.QuizApplication                 : Started QuizApplication in 6.601 seconds (JVM running for 6.949)
